[restartedMain] INFO  com.flight.demo.FeedbackServiceApiApplication  - Info Message....
[restartedMain] WARN  com.flight.demo.FeedbackServiceApiApplication  - Warn Message....
[restartedMain] ERROR com.flight.demo.FeedbackServiceApiApplication  - Error Message....
[restartedMain] FATAL com.flight.demo.FeedbackServiceApiApplication  - fatal Message....
[http-nio-8080-exec-2] INFO  com.flight.demo.FeedbackServiceApiApplication  - Getting all feedback controller is executing.....
[http-nio-8080-exec-3] INFO  com.flight.demo.FeedbackServiceApiApplication  - Getting all feedback controller is executing.....
[restartedMain] INFO  com.flight.demo.FeedbackServiceApiApplication  - Info Message....
[restartedMain] WARN  com.flight.demo.FeedbackServiceApiApplication  - Warn Message....
[restartedMain] ERROR com.flight.demo.FeedbackServiceApiApplication  - Error Message....
[restartedMain] FATAL com.flight.demo.FeedbackServiceApiApplication  - fatal Message....
[http-nio-8080-exec-2] INFO  com.flight.demo.FeedbackServiceApiApplication  - Getting all feedback controller is executing.....
[restartedMain] INFO  com.flight.demo.FeedbackServiceApiApplication  - Info Message....
[restartedMain] WARN  com.flight.demo.FeedbackServiceApiApplication  - Warn Message....
[restartedMain] ERROR com.flight.demo.FeedbackServiceApiApplication  - Error Message....
[restartedMain] FATAL com.flight.demo.FeedbackServiceApiApplication  - fatal Message....
[restartedMain] INFO  com.flight.demo.FeedbackServiceApiApplication  - Info Message....
[restartedMain] WARN  com.flight.demo.FeedbackServiceApiApplication  - Warn Message....
[restartedMain] ERROR com.flight.demo.FeedbackServiceApiApplication  - Error Message....
[restartedMain] FATAL com.flight.demo.FeedbackServiceApiApplication  - fatal Message....
[restartedMain] INFO  com.flight.demo.FeedbackServiceApiApplication  - Info Message....
[restartedMain] WARN  com.flight.demo.FeedbackServiceApiApplication  - Warn Message....
[restartedMain] ERROR com.flight.demo.FeedbackServiceApiApplication  - Error Message....
[restartedMain] FATAL com.flight.demo.FeedbackServiceApiApplication  - fatal Message....
[http-nio-8080-exec-2] INFO  com.flight.demo.FeedbackServiceApiApplication  - Getting all feedback controller is executing.....
[restartedMain] INFO  com.flight.demo.FeedbackServiceApiApplication  - Info Message....
[restartedMain] WARN  com.flight.demo.FeedbackServiceApiApplication  - Warn Message....
[restartedMain] ERROR com.flight.demo.FeedbackServiceApiApplication  - Error Message....
[restartedMain] FATAL com.flight.demo.FeedbackServiceApiApplication  - fatal Message....
[http-nio-8080-exec-1] INFO  com.flight.demo.FeedbackServiceApiApplication  - Getting all feedback controller is executing.....
[http-nio-8080-exec-3] INFO  com.flight.demo.FeedbackServiceApiApplication  - Getting all feedback controller is executing.....
[restartedMain] INFO  com.flight.demo.FeedbackServiceApiApplication  - Info Message....
[restartedMain] WARN  com.flight.demo.FeedbackServiceApiApplication  - Warn Message....
[restartedMain] ERROR com.flight.demo.FeedbackServiceApiApplication  - Error Message....
[restartedMain] FATAL com.flight.demo.FeedbackServiceApiApplication  - fatal Message....
[http-nio-8080-exec-2] INFO  com.flight.demo.FeedbackServiceApiApplication  - Getting all feedback controller is executing.....
[http-nio-8080-exec-3] INFO  com.flight.demo.FeedbackServiceApiApplication  - Getting all feedback controller is executing.....
[http-nio-8080-exec-6] INFO  com.flight.demo.FeedbackServiceApiApplication  - Getting all feedback controller is executing.....
[http-nio-8080-exec-7] INFO  com.flight.demo.FeedbackServiceApiApplication  - Getting all feedback controller is executing.....
[http-nio-8080-exec-8] INFO  com.flight.demo.FeedbackServiceApiApplication  - Getting all feedback controller is executing.....
[http-nio-8080-exec-9] INFO  com.flight.demo.FeedbackServiceApiApplication  - Getting all feedback controller is executing.....
